Arguments: 
  /usr/bin/node /usr/local/bin/yarn

PATH: 
  /home/mczenith/.local/bin:/usr/local/sbin:/usr/local/bin:/usr/sbin:/usr/bin:/sbin:/bin:/usr/games:/usr/local/games:/snap/bin:/home/mczenith/Android/Sdk/emulator:/home/mczenith/Android/Sdk/tools:/home/mczenith/Android/Sdk/tools/bin:/home/mczenith/Android/Sdk/platform-tools

Yarn version: 
  1.22.4

Node version: 
  10.19.0

Platform: 
  linux x64

Trace: 
  Error: ENOENT: no such file or directory, open '/home/mczenith/.cache/yarn/v6/npm-uglify-js-3.10.0-397a7e6e31ce820bfd1cb55b804ee140c587a9e7-integrity/node_modules/uglify-js/.yarn-metadata.json'

npm manifest: 
  {
    "name": "wix-style-react-8",
    "version": "1.0.0",
    "license": "UNLICENSED",
    "private": true,
    "author": {
      "name": "mykas",
      "email": "mykolass@wix.com"
    },
    "scripts": {
      "start": "yoshi start",
      "build": "yoshi build",
      "test": "yoshi test",
      "lint": "yoshi lint",
      "posttest": "npm run lint"
    },
    "husky": {
      "hooks": {
        "pre-commit": "lint-staged"
      }
    },
    "lint-staged": {
      "*.{js,ts,tsx,scss,less}": "yoshi lint"
    },
    "devDependencies": {
      "@testing-library/react": "^10.3.0",
      "@types/express": "^4.17.6",
      "@types/express-session": "~1.17.0",
      "@types/node": "^14.0.13",
      "@types/react": "~16.9.38",
      "@types/react-dom": "^16.9.8",
      "express": "^4.17.1",
      "express-session": "^1.17.1",
      "husky": "^4.2.5",
      "jest-yoshi-preset": "^4.87.0",
      "lint-staged": "^10.2.11",
      "puppeteer": "^4.0.0",
      "typescript": "~3.9.5",
      "velocity": "~0.7.2",
      "yoshi": "^4.87.0",
      "yoshi-style-dependencies": "^4.71.0"
    },
    "dependencies": {
      "axios": "^0.19.2",
      "i18next": "^19.5.1",
      "react": "16.13.1",
      "react-dom": "16.13.1",
      "react-i18next": "^11.7.0",
      "wix-style-react": "^8.22.2",
      "yoshi-template-intro": "^4.87.0"
    },
    "jest": {
      "preset": "jest-yoshi-preset"
    },
    "yoshi": {
      "projectType": "app",
      "externals": {
        "react": "React",
        "react-dom": "ReactDOM",
        "@wix/fedops-logger": "fedopsLogger"
      },
      "hmr": "auto"
    },
    "eslintConfig": {
      "extends": "yoshi"
    }
  }

yarn manifest: 
  No manifest

Lockfile: 
  No lockfile
